<?xml version="1.0" encoding="UTF-8"?>
<testsuite xmlns:xsi="http://www.w3.org/2001/XMLSchema-instance" xsi:noNamespaceSchemaLocation="https://maven.apache.org/surefire/maven-surefire-plugin/xsd/surefire-test-report-3.0.xsd" version="3.0" name="com.leumit.runners.WebTestRunner" time="4.232" tests="1" errors="0" skipped="0" failures="0">
  <properties>
[...]
</properties>
  <testcase name="runScenario[&quot;Performance testing&quot;, &quot;Basic Web Server Tests&quot;](1)" classname="com.leumit.runners.WebTestRunner" time="3.655">
    <system-out><![CDATA[15:45:35.171 [TestNG-test=Surefire test-1] INFO  com.leumit.hooks.TestHooks - ExtentReports initialized with report: target/extent-reports/cucumber_report_20250504_154535.html

@web @performance
Scenario: Performance testing                                # src/test/resources/features/web/basic_web_server_tests.feature:4
15:45:35.218 [TestNG-PoolService-0] INFO  com.leumit.config.ConfigManager - Loaded properties from: src/test/resources/config/config.properties
15:45:35.218 [TestNG-PoolService-0] INFO  com.leumit.hooks.TestHooks - Feature path from scenario: file:///Users/user/IdeaProjects/LeumitOnline/src/test/resources/features/web/basic_web_server_tests.feature
15:45:35.218 [TestNG-PoolService-0] INFO  com.leumit.hooks.TestHooks - Extracted fileName: basic_web_server_tests.feature
15:45:35.218 [TestNG-PoolService-0] INFO  com.leumit.hooks.TestHooks - After removing .feature: basic_web_server_tests
15:45:35.219 [TestNG-PoolService-0] INFO  com.leumit.hooks.TestHooks - Formatted feature name: Basic Web Server Tests
15:45:35.220 [TestNG-PoolService-0] INFO  com.leumit.hooks.TestHooks - Starting web scenario: Performance testing
15:45:35.221 [TestNG-PoolService-0] INFO  com.leumit.steps.WebSteps - Opening URL: https://leumit.co.il/
15:45:36.236 [TestNG-PoolService-0] INFO  com.leumit.drivers.DriverManager - Created new Playwright instance for thread: 38
15:45:36.240 [TestNG-PoolService-0] INFO  com.leumit.drivers.DriverFactory - Creating chrome browser, headless: false
15:45:36.654 [TestNG-PoolService-0] INFO  com.leumit.drivers.DriverManager - Created new Browser for thread: 38
15:45:36.835 [TestNG-PoolService-0] INFO  com.leumit.drivers.DriverFactory - Created Playwright page with timeout: 30000ms
15:45:36.835 [TestNG-PoolService-0] INFO  com.leumit.drivers.DriverManager - Created new Playwright Page for thread: 38
15:45:36.835 [TestNG-PoolService-0] INFO  com.leumit.pages.web.LeumitHomePage - Opening Leumit home page: https://leumit.co.il/
15:45:36.835 [TestNG-PoolService-0] INFO  com.leumit.pages.web.BasePageWeb - Navigating to URL: https://leumit.co.il/
  Given I open the URL "https://leumit.co.il/"               # com.leumit.steps.WebSteps.iOpenTheURL(java.lang.String)
15:45:38.757 [TestNG-PoolService-0] INFO  com.leumit.steps.WebSteps - Actual page title: אתר לאומית שירותי בריאות | קופת חולים לאומית
15:45:38.760 [TestNG-PoolService-0] INFO  com.leumit.utils.AssertUtils - Page title contains expected text: לאומית
  Then The page title should contain "לאומית"                # com.leumit.steps.WebSteps.thePageTitleShouldContain(java.lang.String)
15:45:38.760 [TestNG-PoolService-0] INFO  com.leumit.pages.web.LeumitHomePage - Measuring page load time
15:45:38.763 [TestNG-PoolService-0] INFO  com.leumit.steps.WebSteps - Page load time: 1888 ms
15:45:38.764 [TestNG-PoolService-0] INFO  com.leumit.utils.AssertUtils - Page loaded in less than 10000 milliseconds (actual: 1888 ms)
  And The page should load in less than "10000" milliseconds # com.leumit.steps.WebSteps.thePageShouldLoadInLessThanMilliseconds(java.lang.String)
15:45:38.785 [TestNG-PoolService-0] INFO  com.leumit.drivers.DriverManager - Closed Page for thread: 38
15:45:38.840 [TestNG-PoolService-0] INFO  com.leumit.drivers.DriverManager - Closed Browser for thread: 38
15:45:38.841 [TestNG-PoolService-0] INFO  com.leumit.hooks.TestHooks - Web scenario completed with status: PASSED
]]></system-out>
  </testcase>
</testsuite>