<?xml version="1.0" encoding="UTF-8"?>
<testng-results ignored="0" total="5" passed="5" failed="0" skipped="0">
  <reporter-output>
  </reporter-output>
  <suite started-at="2025-05-04T14:33:03 IDT" name="Surefire suite" finished-at="2025-05-04T14:33:14 IDT" duration-ms="10963">
    <groups>
      <group name="cucumber">
        <method signature="AbstractTestNGCucumberTests.runScenario(io.cucumber.testng.PickleWrapper,io.cucumber.testng.FeatureWrapper)[pri:0, instance:com.leumit.runners.WebTestRunner@18920cc]" name="runScenario" class="io.cucumber.testng.AbstractTestNGCucumberTests"/>
      </group> <!-- cucumber -->
    </groups>
    <test started-at="2025-05-04T14:33:03 IDT" name="Surefire test" finished-at="2025-05-04T14:33:14 IDT" duration-ms="10963">
      <class name="com.leumit.runners.WebTestRunner">
        <test-method is-config="true" signature="setUpClass(org.testng.ITestContext)[pri:0, instance:com.leumit.runners.WebTestRunner@18920cc]" started-at="2025-05-04T14:33:03 IDT" name="setUpClass" finished-at="2025-05-04T14:33:03 IDT" duration-ms="199" status="PASS">
          <params>
            <param index="0">
              <value>
                <![CDATA[org.testng.TestRunner@5c42d2b7]]>
              </value>
            </param>
          </params>
          <reporter-output>
          </reporter-output>
        </test-method> <!-- setUpClass -->
        <test-method signature="runScenario(io.cucumber.testng.PickleWrapper,io.cucumber.testng.FeatureWrapper)[pri:0, instance:com.leumit.runners.WebTestRunner@18920cc]" started-at="2025-05-04T14:33:03 IDT" name="runScenario" description="Runs Cucumber Scenarios" data-provider="scenarios" finished-at="2025-05-04T14:33:07 IDT" duration-ms="4174" status="PASS">
          <params>
            <param index="0">
              <value>
                <![CDATA["Page title verification"]]>
              </value>
            </param>
            <param index="1">
              <value>
                <![CDATA["Basic Web Server Tests"]]>
              </value>
            </param>
          </params>
          <reporter-output>
          </reporter-output>
        </test-method> <!-- runScenario -->
        <test-method signature="runScenario(io.cucumber.testng.PickleWrapper,io.cucumber.testng.FeatureWrapper)[pri:0, instance:com.leumit.runners.WebTestRunner@18920cc]" started-at="2025-05-04T14:33:03 IDT" name="runScenario" description="Runs Cucumber Scenarios" data-provider="scenarios" finished-at="2025-05-04T14:33:12 IDT" duration-ms="9381" status="PASS">
          <params>
            <param index="0">
              <value>
                <![CDATA["Logo should be visible"]]>
              </value>
            </param>
            <param index="1">
              <value>
                <![CDATA["Basic Web Client UI Checks"]]>
              </value>
            </param>
          </params>
          <reporter-output>
          </reporter-output>
        </test-method> <!-- runScenario -->
        <test-method signature="runScenario(io.cucumber.testng.PickleWrapper,io.cucumber.testng.FeatureWrapper)[pri:0, instance:com.leumit.runners.WebTestRunner@18920cc]" started-at="2025-05-04T14:33:03 IDT" name="runScenario" description="Runs Cucumber Scenarios" data-provider="scenarios" finished-at="2025-05-04T14:33:07 IDT" duration-ms="4310" status="PASS">
          <params>
            <param index="0">
              <value>
                <![CDATA["Performance testing"]]>
              </value>
            </param>
            <param index="1">
              <value>
                <![CDATA["Basic Web Server Tests"]]>
              </value>
            </param>
          </params>
          <reporter-output>
          </reporter-output>
        </test-method> <!-- runScenario -->
        <test-method signature="runScenario(io.cucumber.testng.PickleWrapper,io.cucumber.testng.FeatureWrapper)[pri:0, instance:com.leumit.runners.WebTestRunner@18920cc]" started-at="2025-05-04T14:33:03 IDT" name="runScenario" description="Runs Cucumber Scenarios" data-provider="scenarios" finished-at="2025-05-04T14:33:14 IDT" duration-ms="10639" status="PASS">
          <params>
            <param index="0">
              <value>
                <![CDATA["Login fields should be visible"]]>
              </value>
            </param>
            <param index="1">
              <value>
                <![CDATA["Basic Web Client UI Checks"]]>
              </value>
            </param>
          </params>
          <reporter-output>
          </reporter-output>
        </test-method> <!-- runScenario -->
        <test-method signature="runScenario(io.cucumber.testng.PickleWrapper,io.cucumber.testng.FeatureWrapper)[pri:0, instance:com.leumit.runners.WebTestRunner@18920cc]" started-at="2025-05-04T14:33:03 IDT" name="runScenario" description="Runs Cucumber Scenarios" data-provider="scenarios" finished-at="2025-05-04T14:33:09 IDT" duration-ms="6114" status="PASS">
          <params>
            <param index="0">
              <value>
                <![CDATA["Navigate to home page"]]>
              </value>
            </param>
            <param index="1">
              <value>
                <![CDATA["Basic Web Client UI Checks"]]>
              </value>
            </param>
          </params>
          <reporter-output>
          </reporter-output>
        </test-method> <!-- runScenario -->
        <test-method is-config="true" signature="tearDownClass()[pri:0, instance:com.leumit.runners.WebTestRunner@18920cc]" started-at="2025-05-04T14:33:14 IDT" name="tearDownClass" finished-at="2025-05-04T14:33:14 IDT" duration-ms="117" status="PASS">
          <reporter-output>
          </reporter-output>
        </test-method> <!-- tearDownClass -->
      </class> <!-- com.leumit.runners.WebTestRunner -->
    </test> <!-- Surefire test -->
  </suite> <!-- Surefire suite -->
</testng-results>
