<?xml version="1.0" encoding="UTF-8"?>
<testsuite xmlns:xsi="http://www.w3.org/2001/XMLSchema-instance" xsi:noNamespaceSchemaLocation="https://maven.apache.org/surefire/maven-surefire-plugin/xsd/surefire-test-report-3.0.xsd" version="3.0" name="com.leumit.runners.WebTestRunner" time="11.252" tests="5" errors="0" skipped="0" failures="0">
  <properties>
[...]
</properties>
  <testcase name="runScenario[&quot;Page title verification&quot;, &quot;Basic Web Server Tests&quot;](1)" classname="com.leumit.runners.WebTestRunner" time="4.173">
    <system-out><![CDATA[14:33:03.385 [TestNG-test=Surefire test-1] INFO  com.leumit.hooks.TestHooks - ExtentReports initialized with report: target/extent-reports/cucumber_report_20250504_143303.html

@web @ui
Scenario: Login fields should be visible                                       # src/test/resources/features/web/basic_web_client_tests.feature:14

@web @performance
Scenario: Performance testing                                # src/test/resources/features/web/basic_web_server_tests.feature:4

@web
Scenario: Page title verification              # src/test/resources/features/web/basic_web_server_tests.feature:10

@web @ui
Scenario: Navigate to home page                # src/test/resources/features/web/basic_web_client_tests.feature:4

@web @ui
Scenario: Logo should be visible               # src/test/resources/features/web/basic_web_client_tests.feature:9
14:33:03.442 [TestNG-PoolService-4] INFO  com.leumit.config.ConfigManager - Loaded properties from: src/test/resources/config/config.properties
14:33:03.444 [TestNG-PoolService-4] INFO  com.leumit.hooks.TestHooks - Starting web scenario: Page title verification
14:33:03.444 [TestNG-PoolService-3] INFO  com.leumit.hooks.TestHooks - Starting web scenario: Performance testing
14:33:03.444 [TestNG-PoolService-0] INFO  com.leumit.hooks.TestHooks - Starting web scenario: Navigate to home page
14:33:03.444 [TestNG-PoolService-1] INFO  com.leumit.hooks.TestHooks - Starting web scenario: Logo should be visible
14:33:03.444 [TestNG-PoolService-2] INFO  com.leumit.hooks.TestHooks - Starting web scenario: Login fields should be visible
14:33:03.446 [TestNG-PoolService-3] INFO  com.leumit.steps.WebSteps - Opening URL: https://leumit.co.il/
14:33:03.446 [TestNG-PoolService-4] INFO  com.leumit.steps.WebSteps - Opening URL: https://leumit.co.il/
14:33:03.446 [TestNG-PoolService-0] INFO  com.leumit.steps.WebSteps - Opening URL: https://leumit.co.il/
14:33:03.446 [TestNG-PoolService-1] INFO  com.leumit.steps.WebSteps - Opening URL: https://leumit.co.il/
14:33:03.446 [TestNG-PoolService-2] INFO  com.leumit.steps.WebSteps - Opening URL: https://www.leumit.co.il/
14:33:04.467 [TestNG-PoolService-4] INFO  com.leumit.drivers.DriverManager - Created new Playwright instance for thread: 42
14:33:04.471 [TestNG-PoolService-4] INFO  com.leumit.drivers.DriverFactory - Creating chrome browser, headless: false
14:33:04.836 [TestNG-PoolService-4] INFO  com.leumit.drivers.DriverManager - Created new Browser for thread: 42
14:33:05.021 [TestNG-PoolService-4] INFO  com.leumit.drivers.DriverFactory - Created Playwright page with timeout: 30000ms
14:33:05.021 [TestNG-PoolService-4] INFO  com.leumit.drivers.DriverManager - Created new Playwright Page for thread: 42
14:33:05.022 [TestNG-PoolService-4] INFO  com.leumit.pages.web.LeumitHomePage - Opening Leumit home page: https://leumit.co.il/
14:33:05.022 [TestNG-PoolService-4] INFO  com.leumit.pages.web.BasePageWeb - Navigating to URL: https://leumit.co.il/
14:33:05.124 [TestNG-PoolService-3] INFO  com.leumit.drivers.DriverManager - Created new Playwright instance for thread: 41
14:33:05.124 [TestNG-PoolService-3] INFO  com.leumit.drivers.DriverFactory - Creating chrome browser, headless: false
14:33:05.409 [TestNG-PoolService-3] INFO  com.leumit.drivers.DriverManager - Created new Browser for thread: 41
14:33:05.576 [TestNG-PoolService-3] INFO  com.leumit.drivers.DriverFactory - Created Playwright page with timeout: 30000ms
14:33:05.576 [TestNG-PoolService-3] INFO  com.leumit.drivers.DriverManager - Created new Playwright Page for thread: 41
14:33:05.577 [TestNG-PoolService-3] INFO  com.leumit.pages.web.LeumitHomePage - Opening Leumit home page: https://leumit.co.il/
14:33:05.577 [TestNG-PoolService-3] INFO  com.leumit.pages.web.BasePageWeb - Navigating to URL: https://leumit.co.il/
14:33:05.680 [TestNG-PoolService-1] INFO  com.leumit.drivers.DriverManager - Created new Playwright instance for thread: 39
14:33:05.680 [TestNG-PoolService-1] INFO  com.leumit.drivers.DriverFactory - Creating chrome browser, headless: false
14:33:05.983 [TestNG-PoolService-1] INFO  com.leumit.drivers.DriverManager - Created new Browser for thread: 39
14:33:06.149 [TestNG-PoolService-1] INFO  com.leumit.drivers.DriverFactory - Created Playwright page with timeout: 30000ms
14:33:06.149 [TestNG-PoolService-1] INFO  com.leumit.drivers.DriverManager - Created new Playwright Page for thread: 39
14:33:06.150 [TestNG-PoolService-1] INFO  com.leumit.pages.web.LeumitHomePage - Opening Leumit home page: https://leumit.co.il/
14:33:06.150 [TestNG-PoolService-1] INFO  com.leumit.pages.web.BasePageWeb - Navigating to URL: https://leumit.co.il/
14:33:06.256 [TestNG-PoolService-2] INFO  com.leumit.drivers.DriverManager - Created new Playwright instance for thread: 40
14:33:06.256 [TestNG-PoolService-2] INFO  com.leumit.drivers.DriverFactory - Creating chrome browser, headless: false
14:33:06.568 [TestNG-PoolService-2] INFO  com.leumit.drivers.DriverManager - Created new Browser for thread: 40
14:33:06.833 [TestNG-PoolService-2] INFO  com.leumit.drivers.DriverFactory - Created Playwright page with timeout: 30000ms
14:33:06.833 [TestNG-PoolService-2] INFO  com.leumit.drivers.DriverManager - Created new Playwright Page for thread: 40
14:33:06.834 [TestNG-PoolService-2] INFO  com.leumit.pages.web.LeumitHomePage - Opening Leumit home page: https://www.leumit.co.il/
14:33:06.834 [TestNG-PoolService-2] INFO  com.leumit.pages.web.BasePageWeb - Navigating to URL: https://www.leumit.co.il/
14:33:06.947 [TestNG-PoolService-0] INFO  com.leumit.drivers.DriverManager - Created new Playwright instance for thread: 38
14:33:06.947 [TestNG-PoolService-0] INFO  com.leumit.drivers.DriverFactory - Creating chrome browser, headless: false
14:33:07.306 [TestNG-PoolService-0] INFO  com.leumit.drivers.DriverManager - Created new Browser for thread: 38
  Given I open the URL "https://leumit.co.il/" # com.leumit.steps.WebSteps.iOpenTheURL(java.lang.String)
14:33:07.443 [TestNG-PoolService-4] INFO  com.leumit.steps.WebSteps - Actual page title: אתר לאומית שירותי בריאות | קופת חולים לאומית
14:33:07.447 [TestNG-PoolService-4] INFO  com.leumit.utils.AssertUtils - Page title contains expected text: לאומית
  Then The page title should contain "לאומית"  # com.leumit.steps.WebSteps.thePageTitleShouldContain(java.lang.String)
14:33:07.448 [TestNG-PoolService-4] INFO  com.leumit.steps.WebSteps - Closing the browser
14:33:07.483 [TestNG-PoolService-0] INFO  com.leumit.drivers.DriverFactory - Created Playwright page with timeout: 30000ms
14:33:07.483 [TestNG-PoolService-0] INFO  com.leumit.drivers.DriverManager - Created new Playwright Page for thread: 38
14:33:07.483 [TestNG-PoolService-0] INFO  com.leumit.pages.web.LeumitHomePage - Opening Leumit home page: https://leumit.co.il/
14:33:07.483 [TestNG-PoolService-0] INFO  com.leumit.pages.web.BasePageWeb - Navigating to URL: https://leumit.co.il/
14:33:07.498 [TestNG-PoolService-4] INFO  com.leumit.drivers.DriverManager - Closed Page for thread: 42
14:33:07.572 [TestNG-PoolService-4] INFO  com.leumit.drivers.DriverManager - Closed Browser for thread: 42
  And I close the browser                      # com.leumit.steps.WebSteps.iCloseTheBrowser()
14:33:07.572 [TestNG-PoolService-4] INFO  com.leumit.steps.WebSteps - Verifying browser is closed
14:33:07.572 [TestNG-PoolService-4] INFO  com.leumit.utils.AssertUtils - Browser successfully closed
  Then Assert browser is closed                # com.leumit.steps.WebSteps.assertBrowserIsClosed()
14:33:07.573 [TestNG-PoolService-4] INFO  com.leumit.hooks.TestHooks - Web scenario completed with status: PASSED
]]></system-out>
  </testcase>
  <testcase name="runScenario[&quot;Performance testing&quot;, &quot;Basic Web Server Tests&quot;](2)" classname="com.leumit.runners.WebTestRunner" time="4.309">
    <system-out><![CDATA[  Given I open the URL "https://leumit.co.il/"               # com.leumit.steps.WebSteps.iOpenTheURL(java.lang.String)
14:33:07.644 [TestNG-PoolService-3] INFO  com.leumit.steps.WebSteps - Actual page title: אתר לאומית שירותי בריאות | קופת חולים לאומית
14:33:07.644 [TestNG-PoolService-3] INFO  com.leumit.utils.AssertUtils - Page title contains expected text: לאומית
  Then The page title should contain "לאומית"                # com.leumit.steps.WebSteps.thePageTitleShouldContain(java.lang.String)
14:33:07.644 [TestNG-PoolService-3] INFO  com.leumit.pages.web.LeumitHomePage - Measuring page load time
14:33:07.648 [TestNG-PoolService-3] INFO  com.leumit.steps.WebSteps - Page load time: 2033 ms
14:33:07.649 [TestNG-PoolService-3] INFO  com.leumit.utils.AssertUtils - Page loaded in less than 10000 milliseconds (actual: 2033 ms)
  And The page should load in less than "10000" milliseconds # com.leumit.steps.WebSteps.thePageShouldLoadInLessThanMilliseconds(java.lang.String)
14:33:07.659 [TestNG-PoolService-3] INFO  com.leumit.drivers.DriverManager - Closed Page for thread: 41
14:33:07.710 [TestNG-PoolService-3] INFO  com.leumit.drivers.DriverManager - Closed Browser for thread: 41
14:33:07.710 [TestNG-PoolService-3] INFO  com.leumit.hooks.TestHooks - Web scenario completed with status: PASSED
]]></system-out>
  </testcase>
  <testcase name="runScenario[&quot;Navigate to home page&quot;, &quot;Basic Web Client UI Checks&quot;](3)" classname="com.leumit.runners.WebTestRunner" time="6.112">
    <system-out><![CDATA[  Given I open the URL "https://leumit.co.il/" # com.leumit.steps.WebSteps.iOpenTheURL(java.lang.String)
14:33:09.442 [TestNG-PoolService-0] INFO  com.leumit.steps.WebSteps - Actual page title: אתר לאומית שירותי בריאות | קופת חולים לאומית
14:33:09.442 [TestNG-PoolService-0] INFO  com.leumit.utils.AssertUtils - Page title contains expected text: לאומית
  Then The page title should contain "לאומית"  # com.leumit.steps.WebSteps.thePageTitleShouldContain(java.lang.String)
14:33:09.463 [TestNG-PoolService-0] INFO  com.leumit.drivers.DriverManager - Closed Page for thread: 38
14:33:09.513 [TestNG-PoolService-0] INFO  com.leumit.drivers.DriverManager - Closed Browser for thread: 38
14:33:09.513 [TestNG-PoolService-0] INFO  com.leumit.hooks.TestHooks - Web scenario completed with status: PASSED
]]></system-out>
  </testcase>
  <testcase name="runScenario[&quot;Logo should be visible&quot;, &quot;Basic Web Client UI Checks&quot;](4)" classname="com.leumit.runners.WebTestRunner" time="9.379">
    <system-out><![CDATA[  Given I open the URL "https://leumit.co.il/" # com.leumit.steps.WebSteps.iOpenTheURL(java.lang.String)
14:33:12.700 [TestNG-PoolService-1] INFO  com.leumit.steps.WebSteps - Checking if logo is visible at: img
14:33:12.700 [TestNG-PoolService-1] INFO  com.leumit.pages.web.LeumitHomePage - Checking if logo is visible
14:33:12.711 [TestNG-PoolService-1] INFO  com.leumit.utils.AssertUtils - Logo is visible
  Then The logo at "img" should be visible     # com.leumit.steps.WebSteps.theLogoShouldBeVisible(java.lang.String)
14:33:12.727 [TestNG-PoolService-1] INFO  com.leumit.drivers.DriverManager - Closed Page for thread: 39
14:33:12.780 [TestNG-PoolService-1] INFO  com.leumit.drivers.DriverManager - Closed Browser for thread: 39
14:33:12.780 [TestNG-PoolService-1] INFO  com.leumit.hooks.TestHooks - Web scenario completed with status: PASSED
]]></system-out>
  </testcase>
  <testcase name="runScenario[&quot;Login fields should be visible&quot;, &quot;Basic Web Client UI Checks&quot;](5)" classname="com.leumit.runners.WebTestRunner" time="10.638">
    <system-out><![CDATA[  Given I open the URL "https://www.leumit.co.il/"                             # com.leumit.steps.WebSteps.iOpenTheURL(java.lang.String)
14:33:13.953 [TestNG-PoolService-2] INFO  com.leumit.steps.WebSteps - Checking if identification field is visible at: input[name='IdNumTextBox']
14:33:13.953 [TestNG-PoolService-2] INFO  com.leumit.pages.web.LeumitHomePage - Checking if identification field is visible
14:33:13.953 [TestNG-PoolService-2] INFO  com.leumit.pages.web.LeumitHomePage - Multiple frames detected, attempting to search in all frames
14:33:13.969 [TestNG-PoolService-2] INFO  com.leumit.pages.web.LeumitHomePage - Found identification field in frame: loginIframe
14:33:13.969 [TestNG-PoolService-2] INFO  com.leumit.utils.AssertUtils - Identification field is visible
  Then The identification field "input[name='IdNumTextBox']" should be visible # com.leumit.steps.WebSteps.theIdentificationFieldShouldBeVisible(java.lang.String)
14:33:13.969 [TestNG-PoolService-2] INFO  com.leumit.steps.WebSteps - Checking if password field is visible at: input[name='PasswordTextBox']
14:33:13.969 [TestNG-PoolService-2] INFO  com.leumit.pages.web.LeumitHomePage - Checking if password field is visible
14:33:13.969 [TestNG-PoolService-2] INFO  com.leumit.pages.web.LeumitHomePage - Multiple frames detected, attempting to search in all frames
14:33:13.971 [TestNG-PoolService-2] INFO  com.leumit.pages.web.LeumitHomePage - Found password field in frame: loginIframe
14:33:13.972 [TestNG-PoolService-2] INFO  com.leumit.utils.AssertUtils - Password field is visible
  And The password field "input[name='PasswordTextBox']" should be visible     # com.leumit.steps.WebSteps.thePasswordFieldShouldBeVisible(java.lang.String)
14:33:13.985 [TestNG-PoolService-2] INFO  com.leumit.drivers.DriverManager - Closed Page for thread: 40
14:33:14.039 [TestNG-PoolService-2] INFO  com.leumit.drivers.DriverManager - Closed Browser for thread: 40
14:33:14.039 [TestNG-PoolService-2] INFO  com.leumit.hooks.TestHooks - Web scenario completed with status: PASSED
]]></system-out>
  </testcase>
</testsuite>